[debug] [2025-10-03T22:25:54.489Z] ----------------------------------------------------------------------
[debug] [2025-10-03T22:25:54.492Z] Command:       C:\Program Files\nodejs\node.exe C:\Users\Mo\AppData\Roaming\npm\node_modules\firebase-tools\lib\bin\firebase.js emulators:start
[debug] [2025-10-03T22:25:54.493Z] CLI Version:   14.18.0
[debug] [2025-10-03T22:25:54.493Z] Platform:      win32
[debug] [2025-10-03T22:25:54.493Z] Node Version:  v22.20.0
[debug] [2025-10-03T22:25:54.493Z] Time:          Fri Oct 03 2025 15:25:54 GMT-0700 (Pacific Daylight Time)
[debug] [2025-10-03T22:25:54.493Z] ----------------------------------------------------------------------
[debug] 
[debug] [2025-10-03T22:25:54.774Z] > command requires scopes: ["email","openid","https://www.googleapis.com/auth/cloudplatformprojects.readonly","https://www.googleapis.com/auth/firebase","https://www.googleapis.com/auth/cloud-platform"]
[debug] [2025-10-03T22:25:54.775Z] > authorizing via signed-in user (thepinpointishere@gmail.com)
[info] i  emulators: Starting emulators: auth {"metadata":{"emulator":{"name":"hub"},"message":"Starting emulators: auth"}}
[debug] [2025-10-03T22:25:54.798Z] [logging] Logging Emulator only supports listening on one address (127.0.0.1). Not listening on ::1
[debug] [2025-10-03T22:25:54.799Z] [auth] Authentication Emulator only supports listening on one address (127.0.0.1). Not listening on ::1
[debug] [2025-10-03T22:25:54.799Z] assigned listening specs for emulators {"user":{"hub":[{"address":"127.0.0.1","family":"IPv4","port":4400},{"address":"::1","family":"IPv6","port":4400}],"ui":[{"address":"127.0.0.1","family":"IPv4","port":4000},{"address":"::1","family":"IPv6","port":4000}],"logging":[{"address":"127.0.0.1","family":"IPv4","port":4500}],"auth":[{"address":"127.0.0.1","family":"IPv4","port":9099}]},"metadata":{"message":"assigned listening specs for emulators"}}
[debug] [2025-10-03T22:25:54.804Z] Emulator locator file path: C:\Users\Mo\AppData\Local\Temp\hub-bulletin-app-6548a.json
[debug] [2025-10-03T22:25:54.804Z] [hub] writing locator at C:\Users\Mo\AppData\Local\Temp\hub-bulletin-app-6548a.json
[info] i  ui: downloading ui-v1.15.0.zip... {"metadata":{"emulator":{"name":"ui"},"message":"downloading ui-v1.15.0.zip..."}}
[debug] [2025-10-03T22:26:02.093Z] >>> [apiv2][query] GET https://storage.googleapis.com/firebase-preview-drop/emulator/ui-v1.15.0.zip 
[debug] [2025-10-03T22:26:02.377Z] <<< [apiv2][status] GET https://storage.googleapis.com/firebase-preview-drop/emulator/ui-v1.15.0.zip 200
[debug] [2025-10-03T22:26:02.377Z] <<< [apiv2][body] GET https://storage.googleapis.com/firebase-preview-drop/emulator/ui-v1.15.0.zip [stream]
[debug] [2025-10-03T22:26:03.364Z] Data is 3538469
[debug] [2025-10-03T22:26:03.365Z] [unzip] Entry: client/ (compressed_size=0 bytes, uncompressed_size=0 bytes)
[debug] [2025-10-03T22:26:03.365Z] [unzip] Processing entry: client\
[debug] [2025-10-03T22:26:03.365Z] [unzip] mkdir: C:\Users\Mo\.cache\firebase\emulators\ui-v1.15.0\client\
[debug] [2025-10-03T22:26:03.366Z] [unzip] Entry: client/favicon-16x16.png (compressed_size=293 bytes, uncompressed_size=293 bytes)
[debug] [2025-10-03T22:26:03.366Z] [unzip] Processing entry: client\favicon-16x16.png
[debug] [2025-10-03T22:26:03.366Z] [unzip] else mkdir: C:\Users\Mo\.cache\firebase\emulators\ui-v1.15.0\client
[debug] [2025-10-03T22:26:03.367Z] [unzip] Writing file: C:\Users\Mo\.cache\firebase\emulators\ui-v1.15.0\client\favicon-16x16.png
[debug] [2025-10-03T22:26:03.368Z] [unzip] Entry: client/safari-pinned-tab.svg (compressed_size=1433 bytes, uncompressed_size=2611 bytes)
[debug] [2025-10-03T22:26:03.368Z] [unzip] Processing entry: client\safari-pinned-tab.svg
[debug] [2025-10-03T22:26:03.368Z] [unzip] else mkdir: C:\Users\Mo\.cache\firebase\emulators\ui-v1.15.0\client
[debug] [2025-10-03T22:26:03.368Z] [unzip] deflating: C:\Users\Mo\.cache\firebase\emulators\ui-v1.15.0\client\safari-pinned-tab.svg
[debug] [2025-10-03T22:26:03.374Z] [unzip] Entry: client/favicon.ico (compressed_size=2933 bytes, uncompressed_size=13294 bytes)
[debug] [2025-10-03T22:26:03.375Z] [unzip] Processing entry: client\favicon.ico
[debug] [2025-10-03T22:26:03.375Z] [unzip] else mkdir: C:\Users\Mo\.cache\firebase\emulators\ui-v1.15.0\client
[debug] [2025-10-03T22:26:03.375Z] [unzip] deflating: C:\Users\Mo\.cache\firebase\emulators\ui-v1.15.0\client\favicon.ico
[debug] [2025-10-03T22:26:03.378Z] [unzip] Entry: client/index.html (compressed_size=1364 bytes, uncompressed_size=3071 bytes)
[debug] [2025-10-03T22:26:03.378Z] [unzip] Processing entry: client\index.html
[debug] [2025-10-03T22:26:03.378Z] [unzip] else mkdir: C:\Users\Mo\.cache\firebase\emulators\ui-v1.15.0\client
[debug] [2025-10-03T22:26:03.378Z] [unzip] deflating: C:\Users\Mo\.cache\firebase\emulators\ui-v1.15.0\client\index.html
[debug] [2025-10-03T22:26:03.380Z] [unzip] Entry: client/android-chrome-192x192.png (compressed_size=2684 bytes, uncompressed_size=2684 bytes)
[debug] [2025-10-03T22:26:03.380Z] [unzip] Processing entry: client\android-chrome-192x192.png
[debug] [2025-10-03T22:26:03.380Z] [unzip] else mkdir: C:\Users\Mo\.cache\firebase\emulators\ui-v1.15.0\client
[debug] [2025-10-03T22:26:03.381Z] [unzip] Writing file: C:\Users\Mo\.cache\firebase\emulators\ui-v1.15.0\client\android-chrome-192x192.png
[debug] [2025-10-03T22:26:03.381Z] [unzip] Entry: client/apple-touch-icon.png (compressed_size=2123 bytes, uncompressed_size=2152 bytes)
[debug] [2025-10-03T22:26:03.381Z] [unzip] Processing entry: client\apple-touch-icon.png
[debug] [2025-10-03T22:26:03.382Z] [unzip] else mkdir: C:\Users\Mo\.cache\firebase\emulators\ui-v1.15.0\client
[debug] [2025-10-03T22:26:03.382Z] [unzip] deflating: C:\Users\Mo\.cache\firebase\emulators\ui-v1.15.0\client\apple-touch-icon.png
[debug] [2025-10-03T22:26:03.383Z] [unzip] Entry: client/android-chrome-512x512.png (compressed_size=5369 bytes, uncompressed_size=5411 bytes)
[debug] [2025-10-03T22:26:03.383Z] [unzip] Processing entry: client\android-chrome-512x512.png
[debug] [2025-10-03T22:26:03.384Z] [unzip] else mkdir: C:\Users\Mo\.cache\firebase\emulators\ui-v1.15.0\client
[debug] [2025-10-03T22:26:03.384Z] [unzip] deflating: C:\Users\Mo\.cache\firebase\emulators\ui-v1.15.0\client\android-chrome-512x512.png
[debug] [2025-10-03T22:26:03.385Z] [unzip] Entry: client/manifest.json (compressed_size=245 bytes, uncompressed_size=551 bytes)
[debug] [2025-10-03T22:26:03.385Z] [unzip] Processing entry: client\manifest.json
[debug] [2025-10-03T22:26:03.385Z] [unzip] else mkdir: C:\Users\Mo\.cache\firebase\emulators\ui-v1.15.0\client
[debug] [2025-10-03T22:26:03.385Z] [unzip] deflating: C:\Users\Mo\.cache\firebase\emulators\ui-v1.15.0\client\manifest.json
[debug] [2025-10-03T22:26:03.387Z] [unzip] Entry: client/robots.txt (compressed_size=26 bytes, uncompressed_size=26 bytes)
[debug] [2025-10-03T22:26:03.387Z] [unzip] Processing entry: client\robots.txt
[debug] [2025-10-03T22:26:03.387Z] [unzip] else mkdir: C:\Users\Mo\.cache\firebase\emulators\ui-v1.15.0\client
[debug] [2025-10-03T22:26:03.387Z] [unzip] Writing file: C:\Users\Mo\.cache\firebase\emulators\ui-v1.15.0\client\robots.txt
[debug] [2025-10-03T22:26:03.388Z] [unzip] Entry: client/mstile-150x150.png (compressed_size=2034 bytes, uncompressed_size=2034 bytes)
[debug] [2025-10-03T22:26:03.388Z] [unzip] Processing entry: client\mstile-150x150.png
[debug] [2025-10-03T22:26:03.388Z] [unzip] else mkdir: C:\Users\Mo\.cache\firebase\emulators\ui-v1.15.0\client
[debug] [2025-10-03T22:26:03.389Z] [unzip] Writing file: C:\Users\Mo\.cache\firebase\emulators\ui-v1.15.0\client\mstile-150x150.png
[debug] [2025-10-03T22:26:03.390Z] [unzip] Entry: client/assets/ (compressed_size=0 bytes, uncompressed_size=0 bytes)
[debug] [2025-10-03T22:26:03.390Z] [unzip] Processing entry: client\assets\
[debug] [2025-10-03T22:26:03.390Z] [unzip] mkdir: C:\Users\Mo\.cache\firebase\emulators\ui-v1.15.0\client\assets\
[debug] [2025-10-03T22:26:03.391Z] [unzip] Entry: client/assets/index-BX-A56oj.js (compressed_size=582089 bytes, uncompressed_size=2092775 bytes)
[debug] [2025-10-03T22:26:03.391Z] [unzip] Processing entry: client\assets\index-BX-A56oj.js
[debug] [2025-10-03T22:26:03.391Z] [unzip] else mkdir: C:\Users\Mo\.cache\firebase\emulators\ui-v1.15.0\client\assets
[debug] [2025-10-03T22:26:03.391Z] [unzip] deflating: C:\Users\Mo\.cache\firebase\emulators\ui-v1.15.0\client\assets\index-BX-A56oj.js
[debug] [2025-10-03T22:26:03.411Z] [unzip] Entry: client/assets/index-CjB9C900.css (compressed_size=35979 bytes, uncompressed_size=298654 bytes)
[debug] [2025-10-03T22:26:03.412Z] [unzip] Processing entry: client\assets\index-CjB9C900.css
[debug] [2025-10-03T22:26:03.412Z] [unzip] else mkdir: C:\Users\Mo\.cache\firebase\emulators\ui-v1.15.0\client\assets
[debug] [2025-10-03T22:26:03.412Z] [unzip] deflating: C:\Users\Mo\.cache\firebase\emulators\ui-v1.15.0\client\assets\index-CjB9C900.css
[debug] [2025-10-03T22:26:03.416Z] [unzip] Entry: client/assets/index-BX-A56oj.js.map (compressed_size=2362482 bytes, uncompressed_size=10036679 bytes)
[debug] [2025-10-03T22:26:03.416Z] [unzip] Processing entry: client\assets\index-BX-A56oj.js.map
[debug] [2025-10-03T22:26:03.416Z] [unzip] else mkdir: C:\Users\Mo\.cache\firebase\emulators\ui-v1.15.0\client\assets
[debug] [2025-10-03T22:26:03.417Z] [unzip] deflating: C:\Users\Mo\.cache\firebase\emulators\ui-v1.15.0\client\assets\index-BX-A56oj.js.map
[debug] [2025-10-03T22:26:03.532Z] [unzip] Entry: client/assets/extensions/ (compressed_size=0 bytes, uncompressed_size=0 bytes)
[debug] [2025-10-03T22:26:03.532Z] [unzip] Processing entry: client\assets\extensions\
[debug] [2025-10-03T22:26:03.532Z] [unzip] mkdir: C:\Users\Mo\.cache\firebase\emulators\ui-v1.15.0\client\assets\extensions\
[debug] [2025-10-03T22:26:03.533Z] [unzip] Entry: client/assets/extensions/default-extension.png (compressed_size=1646 bytes, uncompressed_size=1657 bytes)
[debug] [2025-10-03T22:26:03.533Z] [unzip] Processing entry: client\assets\extensions\default-extension.png
[debug] [2025-10-03T22:26:03.533Z] [unzip] else mkdir: C:\Users\Mo\.cache\firebase\emulators\ui-v1.15.0\client\assets\extensions
[debug] [2025-10-03T22:26:03.534Z] [unzip] deflating: C:\Users\Mo\.cache\firebase\emulators\ui-v1.15.0\client\assets\extensions\default-extension.png
[debug] [2025-10-03T22:26:03.536Z] [unzip] Entry: client/assets/img/ (compressed_size=0 bytes, uncompressed_size=0 bytes)
[debug] [2025-10-03T22:26:03.536Z] [unzip] Processing entry: client\assets\img\
[debug] [2025-10-03T22:26:03.536Z] [unzip] mkdir: C:\Users\Mo\.cache\firebase\emulators\ui-v1.15.0\client\assets\img\
[debug] [2025-10-03T22:26:03.537Z] [unzip] Entry: client/assets/img/database.png (compressed_size=29449 bytes, uncompressed_size=29988 bytes)
[debug] [2025-10-03T22:26:03.537Z] [unzip] Processing entry: client\assets\img\database.png
[debug] [2025-10-03T22:26:03.537Z] [unzip] else mkdir: C:\Users\Mo\.cache\firebase\emulators\ui-v1.15.0\client\assets\img
[debug] [2025-10-03T22:26:03.537Z] [unzip] deflating: C:\Users\Mo\.cache\firebase\emulators\ui-v1.15.0\client\assets\img\database.png
[debug] [2025-10-03T22:26:03.540Z] [unzip] Entry: client/assets/provider-icons/ (compressed_size=0 bytes, uncompressed_size=0 bytes)
[debug] [2025-10-03T22:26:03.540Z] [unzip] Processing entry: client\assets\provider-icons\
[debug] [2025-10-03T22:26:03.540Z] [unzip] mkdir: C:\Users\Mo\.cache\firebase\emulators\ui-v1.15.0\client\assets\provider-icons\
[debug] [2025-10-03T22:26:03.541Z] [unzip] Entry: client/assets/provider-icons/auth_service_saml.svg (compressed_size=575 bytes, uncompressed_size=1226 bytes)
[debug] [2025-10-03T22:26:03.541Z] [unzip] Processing entry: client\assets\provider-icons\auth_service_saml.svg
[debug] [2025-10-03T22:26:03.541Z] [unzip] else mkdir: C:\Users\Mo\.cache\firebase\emulators\ui-v1.15.0\client\assets\provider-icons
[debug] [2025-10-03T22:26:03.542Z] [unzip] deflating: C:\Users\Mo\.cache\firebase\emulators\ui-v1.15.0\client\assets\provider-icons\auth_service_saml.svg
[debug] [2025-10-03T22:26:03.544Z] [unzip] Entry: client/assets/provider-icons/auth_service_phone.svg (compressed_size=261 bytes, uncompressed_size=414 bytes)
[debug] [2025-10-03T22:26:03.544Z] [unzip] Processing entry: client\assets\provider-icons\auth_service_phone.svg
[debug] [2025-10-03T22:26:03.544Z] [unzip] else mkdir: C:\Users\Mo\.cache\firebase\emulators\ui-v1.15.0\client\assets\provider-icons
[debug] [2025-10-03T22:26:03.544Z] [unzip] deflating: C:\Users\Mo\.cache\firebase\emulators\ui-v1.15.0\client\assets\provider-icons\auth_service_phone.svg
[debug] [2025-10-03T22:26:03.545Z] [unzip] Entry: client/assets/provider-icons/auth_service_facebook.svg (compressed_size=289 bytes, uncompressed_size=457 bytes)
[debug] [2025-10-03T22:26:03.546Z] [unzip] Processing entry: client\assets\provider-icons\auth_service_facebook.svg
[debug] [2025-10-03T22:26:03.546Z] [unzip] else mkdir: C:\Users\Mo\.cache\firebase\emulators\ui-v1.15.0\client\assets\provider-icons
[debug] [2025-10-03T22:26:03.546Z] [unzip] deflating: C:\Users\Mo\.cache\firebase\emulators\ui-v1.15.0\client\assets\provider-icons\auth_service_facebook.svg
[debug] [2025-10-03T22:26:03.693Z] [unzip] Entry: client/assets/provider-icons/auth_service_game_center.svg (compressed_size=991 bytes, uncompressed_size=3921 bytes)
[debug] [2025-10-03T22:26:03.694Z] [unzip] Processing entry: client\assets\provider-icons\auth_service_game_center.svg
[debug] [2025-10-03T22:26:03.694Z] [unzip] else mkdir: C:\Users\Mo\.cache\firebase\emulators\ui-v1.15.0\client\assets\provider-icons
[debug] [2025-10-03T22:26:03.694Z] [unzip] deflating: C:\Users\Mo\.cache\firebase\emulators\ui-v1.15.0\client\assets\provider-icons\auth_service_game_center.svg
[debug] [2025-10-03T22:26:03.696Z] [unzip] Entry: client/assets/provider-icons/auth_service_apple.svg (compressed_size=230 bytes, uncompressed_size=334 bytes)
[debug] [2025-10-03T22:26:03.696Z] [unzip] Processing entry: client\assets\provider-icons\auth_service_apple.svg
[debug] [2025-10-03T22:26:03.696Z] [unzip] else mkdir: C:\Users\Mo\.cache\firebase\emulators\ui-v1.15.0\client\assets\provider-icons
[debug] [2025-10-03T22:26:03.697Z] [unzip] deflating: C:\Users\Mo\.cache\firebase\emulators\ui-v1.15.0\client\assets\provider-icons\auth_service_apple.svg
[debug] [2025-10-03T22:26:03.698Z] [unzip] Entry: client/assets/provider-icons/auth_service_github.svg (compressed_size=466 bytes, uncompressed_size=838 bytes)
[debug] [2025-10-03T22:26:03.698Z] [unzip] Processing entry: client\assets\provider-icons\auth_service_github.svg
[debug] [2025-10-03T22:26:03.699Z] [unzip] else mkdir: C:\Users\Mo\.cache\firebase\emulators\ui-v1.15.0\client\assets\provider-icons
[debug] [2025-10-03T22:26:03.699Z] [unzip] deflating: C:\Users\Mo\.cache\firebase\emulators\ui-v1.15.0\client\assets\provider-icons\auth_service_github.svg
[debug] [2025-10-03T22:26:03.700Z] [unzip] Entry: client/assets/provider-icons/auth_service_mslive.svg (compressed_size=203 bytes, uncompressed_size=378 bytes)
[debug] [2025-10-03T22:26:03.700Z] [unzip] Processing entry: client\assets\provider-icons\auth_service_mslive.svg
[debug] [2025-10-03T22:26:03.700Z] [unzip] else mkdir: C:\Users\Mo\.cache\firebase\emulators\ui-v1.15.0\client\assets\provider-icons
[debug] [2025-10-03T22:26:03.701Z] [unzip] deflating: C:\Users\Mo\.cache\firebase\emulators\ui-v1.15.0\client\assets\provider-icons\auth_service_mslive.svg
[debug] [2025-10-03T22:26:03.702Z] [unzip] Entry: client/assets/provider-icons/auth_service_yahoo.svg (compressed_size=577 bytes, uncompressed_size=1182 bytes)
[debug] [2025-10-03T22:26:03.702Z] [unzip] Processing entry: client\assets\provider-icons\auth_service_yahoo.svg
[debug] [2025-10-03T22:26:03.702Z] [unzip] else mkdir: C:\Users\Mo\.cache\firebase\emulators\ui-v1.15.0\client\assets\provider-icons
[debug] [2025-10-03T22:26:03.703Z] [unzip] deflating: C:\Users\Mo\.cache\firebase\emulators\ui-v1.15.0\client\assets\provider-icons\auth_service_yahoo.svg
[debug] [2025-10-03T22:26:03.704Z] [unzip] Entry: client/assets/provider-icons/auth_service_twitter.svg (compressed_size=444 bytes, uncompressed_size=751 bytes)
[debug] [2025-10-03T22:26:03.704Z] [unzip] Processing entry: client\assets\provider-icons\auth_service_twitter.svg
[debug] [2025-10-03T22:26:03.704Z] [unzip] else mkdir: C:\Users\Mo\.cache\firebase\emulators\ui-v1.15.0\client\assets\provider-icons
[debug] [2025-10-03T22:26:03.705Z] [unzip] deflating: C:\Users\Mo\.cache\firebase\emulators\ui-v1.15.0\client\assets\provider-icons\auth_service_twitter.svg
[debug] [2025-10-03T22:26:03.707Z] [unzip] Entry: client/assets/provider-icons/auth_service_play_games.svg (compressed_size=565 bytes, uncompressed_size=1173 bytes)
[debug] [2025-10-03T22:26:03.707Z] [unzip] Processing entry: client\assets\provider-icons\auth_service_play_games.svg
[debug] [2025-10-03T22:26:03.708Z] [unzip] else mkdir: C:\Users\Mo\.cache\firebase\emulators\ui-v1.15.0\client\assets\provider-icons
[debug] [2025-10-03T22:26:03.708Z] [unzip] deflating: C:\Users\Mo\.cache\firebase\emulators\ui-v1.15.0\client\assets\provider-icons\auth_service_play_games.svg
[debug] [2025-10-03T22:26:03.709Z] [unzip] Entry: client/assets/provider-icons/auth_service_email.svg (compressed_size=228 bytes, uncompressed_size=326 bytes)
[debug] [2025-10-03T22:26:03.710Z] [unzip] Processing entry: client\assets\provider-icons\auth_service_email.svg
[debug] [2025-10-03T22:26:03.710Z] [unzip] else mkdir: C:\Users\Mo\.cache\firebase\emulators\ui-v1.15.0\client\assets\provider-icons
[debug] [2025-10-03T22:26:03.710Z] [unzip] deflating: C:\Users\Mo\.cache\firebase\emulators\ui-v1.15.0\client\assets\provider-icons\auth_service_email.svg
[debug] [2025-10-03T22:26:03.711Z] [unzip] Entry: client/assets/provider-icons/auth_service_google.svg (compressed_size=409 bytes, uncompressed_size=720 bytes)
[debug] [2025-10-03T22:26:03.711Z] [unzip] Processing entry: client\assets\provider-icons\auth_service_google.svg
[debug] [2025-10-03T22:26:03.712Z] [unzip] else mkdir: C:\Users\Mo\.cache\firebase\emulators\ui-v1.15.0\client\assets\provider-icons
[debug] [2025-10-03T22:26:03.712Z] [unzip] deflating: C:\Users\Mo\.cache\firebase\emulators\ui-v1.15.0\client\assets\provider-icons\auth_service_google.svg
[debug] [2025-10-03T22:26:03.713Z] [unzip] Entry: client/assets/provider-icons/auth_service_oidc.svg (compressed_size=414 bytes, uncompressed_size=858 bytes)
[debug] [2025-10-03T22:26:03.713Z] [unzip] Processing entry: client\assets\provider-icons\auth_service_oidc.svg
[debug] [2025-10-03T22:26:03.713Z] [unzip] else mkdir: C:\Users\Mo\.cache\firebase\emulators\ui-v1.15.0\client\assets\provider-icons
[debug] [2025-10-03T22:26:03.714Z] [unzip] deflating: C:\Users\Mo\.cache\firebase\emulators\ui-v1.15.0\client\assets\provider-icons\auth_service_oidc.svg
[debug] [2025-10-03T22:26:03.715Z] [unzip] Entry: client/browserconfig.xml (compressed_size=491 bytes, uncompressed_size=822 bytes)
[debug] [2025-10-03T22:26:03.715Z] [unzip] Processing entry: client\browserconfig.xml
[debug] [2025-10-03T22:26:03.715Z] [unzip] else mkdir: C:\Users\Mo\.cache\firebase\emulators\ui-v1.15.0\client
[debug] [2025-10-03T22:26:03.715Z] [unzip] deflating: C:\Users\Mo\.cache\firebase\emulators\ui-v1.15.0\client\browserconfig.xml
[debug] [2025-10-03T22:26:03.717Z] [unzip] Entry: client/favicon-32x32.png (compressed_size=475 bytes, uncompressed_size=475 bytes)
[debug] [2025-10-03T22:26:03.717Z] [unzip] Processing entry: client\favicon-32x32.png
[debug] [2025-10-03T22:26:03.717Z] [unzip] else mkdir: C:\Users\Mo\.cache\firebase\emulators\ui-v1.15.0\client
[debug] [2025-10-03T22:26:03.717Z] [unzip] Writing file: C:\Users\Mo\.cache\firebase\emulators\ui-v1.15.0\client\favicon-32x32.png
[debug] [2025-10-03T22:26:03.718Z] [unzip] Entry: server/ (compressed_size=0 bytes, uncompressed_size=0 bytes)
[debug] [2025-10-03T22:26:03.718Z] [unzip] Processing entry: server\
[debug] [2025-10-03T22:26:03.718Z] [unzip] mkdir: C:\Users\Mo\.cache\firebase\emulators\ui-v1.15.0\server\
[debug] [2025-10-03T22:26:03.719Z] [unzip] Entry: server/server.mjs.map (compressed_size=217845 bytes, uncompressed_size=944978 bytes)
[debug] [2025-10-03T22:26:03.719Z] [unzip] Processing entry: server\server.mjs.map
[debug] [2025-10-03T22:26:03.719Z] [unzip] else mkdir: C:\Users\Mo\.cache\firebase\emulators\ui-v1.15.0\server
[debug] [2025-10-03T22:26:03.719Z] [unzip] deflating: C:\Users\Mo\.cache\firebase\emulators\ui-v1.15.0\server\server.mjs.map
[debug] [2025-10-03T22:26:03.729Z] [unzip] Entry: server/server.mjs (compressed_size=276407 bytes, uncompressed_size=933701 bytes)
[debug] [2025-10-03T22:26:03.730Z] [unzip] Processing entry: server\server.mjs
[debug] [2025-10-03T22:26:03.730Z] [unzip] else mkdir: C:\Users\Mo\.cache\firebase\emulators\ui-v1.15.0\server
[debug] [2025-10-03T22:26:03.730Z] [unzip] deflating: C:\Users\Mo\.cache\firebase\emulators\ui-v1.15.0\server\server.mjs
[debug] [2025-10-03T22:26:03.752Z] Could not find VSCode notification endpoint: FetchError: request to http://localhost:40001/vscode/notify failed, reason: . If you are not running the Firebase Data Connect VSCode extension, this is expected and not an issue.
[info] 
┌─────────────────────────────────────────────────────────────┐
│ ✔  All emulators ready! It is now safe to connect your app. │
│ i  View Emulator UI at http://127.0.0.1:4000/               │
└─────────────────────────────────────────────────────────────┘

┌────────────────┬────────────────┬────────────────────────────┐
│ Emulator       │ Host:Port      │ View in Emulator UI        │
├────────────────┼────────────────┼────────────────────────────┤
│ Authentication │ 127.0.0.1:9099 │ http://127.0.0.1:4000/auth │
└────────────────┴────────────────┴────────────────────────────┘
  Emulator Hub host: 127.0.0.1 port: 4400
  Other reserved ports: 4500

Issues? Report them at https://github.com/firebase/firebase-tools/issues and attach the *-debug.log files.
 
